<?xml version="1.0" encoding="UTF-8"?>
<testng-results skipped="0" failed="0" ignored="0" total="4" passed="4">
  <reporter-output>
  </reporter-output>
  <suite name="search-module" duration-ms="115341" started-at="2020-02-24T16:03:01Z" finished-at="2020-02-24T16:04:56Z">
    <groups>
    </groups>
    <test name="search-test-kubernetes" duration-ms="47723" started-at="2020-02-24T16:03:01Z" finished-at="2020-02-24T16:03:49Z">
      <class name="com.searchmodule.tests.SearchTest">
        <test-method status="PASS" signature="setupDriver(org.testng.ITestContext)[pri:0, instance:com.searchmodule.tests.SearchTest@5f341870]" name="setupDriver" is-config="true" duration-ms="14006" started-at="2020-02-24T16:03:01Z" finished-at="2020-02-24T16:03:15Z">
          <params>
            <param index="0">
              <value>
                <![CDATA[org.testng.TestRunner@4b4523f8]]>
              </value>
            </param>
          </params>
          <reporter-output>
          </reporter-output>
        </test-method> <!-- setupDriver -->
        <test-method status="PASS" signature="search(java.lang.String)[pri:0, instance:com.searchmodule.tests.SearchTest@5f341870]" name="search" duration-ms="33224" started-at="2020-02-24T16:03:15Z" finished-at="2020-02-24T16:03:48Z">
          <params>
            <param index="0">
              <value>
                <![CDATA[kubernetes]]>
              </value>
            </param>
          </params>
          <reporter-output>
          </reporter-output>
        </test-method> <!-- search -->
        <test-method status="PASS" signature="quitDriver()[pri:0, instance:com.searchmodule.tests.SearchTest@5f341870]" name="quitDriver" is-config="true" duration-ms="309" started-at="2020-02-24T16:03:48Z" finished-at="2020-02-24T16:03:49Z">
          <reporter-output>
          </reporter-output>
        </test-method> <!-- quitDriver -->
      </class> <!-- com.searchmodule.tests.SearchTest -->
    </test> <!-- search-test-kubernetes -->
    <test name="search-test-docker" duration-ms="49354" started-at="2020-02-24T16:03:01Z" finished-at="2020-02-24T16:03:50Z">
      <class name="com.searchmodule.tests.SearchTest">
        <test-method status="PASS" signature="setupDriver(org.testng.ITestContext)[pri:0, instance:com.searchmodule.tests.SearchTest@239963d8]" name="setupDriver" is-config="true" duration-ms="14010" started-at="2020-02-24T16:03:01Z" finished-at="2020-02-24T16:03:15Z">
          <params>
            <param index="0">
              <value>
                <![CDATA[org.testng.TestRunner@5a8e6209]]>
              </value>
            </param>
          </params>
          <reporter-output>
          </reporter-output>
        </test-method> <!-- setupDriver -->
        <test-method status="PASS" signature="search(java.lang.String)[pri:0, instance:com.searchmodule.tests.SearchTest@239963d8]" name="search" duration-ms="34669" started-at="2020-02-24T16:03:15Z" finished-at="2020-02-24T16:03:50Z">
          <params>
            <param index="0">
              <value>
                <![CDATA[docker]]>
              </value>
            </param>
          </params>
          <reporter-output>
          </reporter-output>
        </test-method> <!-- search -->
        <test-method status="PASS" signature="quitDriver()[pri:0, instance:com.searchmodule.tests.SearchTest@239963d8]" name="quitDriver" is-config="true" duration-ms="473" started-at="2020-02-24T16:03:50Z" finished-at="2020-02-24T16:03:50Z">
          <reporter-output>
          </reporter-output>
        </test-method> <!-- quitDriver -->
      </class> <!-- com.searchmodule.tests.SearchTest -->
    </test> <!-- search-test-docker -->
    <test name="search-test-java" duration-ms="104252" started-at="2020-02-24T16:03:01Z" finished-at="2020-02-24T16:04:45Z">
      <class name="com.searchmodule.tests.SearchTest">
        <test-method status="PASS" signature="setupDriver(org.testng.ITestContext)[pri:0, instance:com.searchmodule.tests.SearchTest@5e5792a0]" name="setupDriver" is-config="true" duration-ms="60668" started-at="2020-02-24T16:03:01Z" finished-at="2020-02-24T16:04:01Z">
          <params>
            <param index="0">
              <value>
                <![CDATA[org.testng.TestRunner@57536d79]]>
              </value>
            </param>
          </params>
          <reporter-output>
          </reporter-output>
        </test-method> <!-- setupDriver -->
        <test-method status="PASS" signature="search(java.lang.String)[pri:0, instance:com.searchmodule.tests.SearchTest@5e5792a0]" name="search" duration-ms="43204" started-at="2020-02-24T16:04:01Z" finished-at="2020-02-24T16:04:45Z">
          <params>
            <param index="0">
              <value>
                <![CDATA[java]]>
              </value>
            </param>
          </params>
          <reporter-output>
          </reporter-output>
        </test-method> <!-- search -->
        <test-method status="PASS" signature="quitDriver()[pri:0, instance:com.searchmodule.tests.SearchTest@5e5792a0]" name="quitDriver" is-config="true" duration-ms="342" started-at="2020-02-24T16:04:45Z" finished-at="2020-02-24T16:04:45Z">
          <reporter-output>
          </reporter-output>
        </test-method> <!-- quitDriver -->
      </class> <!-- com.searchmodule.tests.SearchTest -->
    </test> <!-- search-test-java -->
    <test name="search-test-webdriver" duration-ms="115341" started-at="2020-02-24T16:03:01Z" finished-at="2020-02-24T16:04:56Z">
      <class name="com.searchmodule.tests.SearchTest">
        <test-method status="PASS" signature="setupDriver(org.testng.ITestContext)[pri:0, instance:com.searchmodule.tests.SearchTest@754ba872]" name="setupDriver" is-config="true" duration-ms="72601" started-at="2020-02-24T16:03:01Z" finished-at="2020-02-24T16:04:13Z">
          <params>
            <param index="0">
              <value>
                <![CDATA[org.testng.TestRunner@3b0143d3]]>
              </value>
            </param>
          </params>
          <reporter-output>
          </reporter-output>
        </test-method> <!-- setupDriver -->
        <test-method status="PASS" signature="search(java.lang.String)[pri:0, instance:com.searchmodule.tests.SearchTest@754ba872]" name="search" duration-ms="42386" started-at="2020-02-24T16:04:13Z" finished-at="2020-02-24T16:04:56Z">
          <params>
            <param index="0">
              <value>
                <![CDATA[webdriver]]>
              </value>
            </param>
          </params>
          <reporter-output>
          </reporter-output>
        </test-method> <!-- search -->
        <test-method status="PASS" signature="quitDriver()[pri:0, instance:com.searchmodule.tests.SearchTest@754ba872]" name="quitDriver" is-config="true" duration-ms="320" started-at="2020-02-24T16:04:56Z" finished-at="2020-02-24T16:04:56Z">
          <reporter-output>
          </reporter-output>
        </test-method> <!-- quitDriver -->
      </class> <!-- com.searchmodule.tests.SearchTest -->
    </test> <!-- search-test-webdriver -->
  </suite> <!-- search-module -->
</testng-results>
